 command line:
   ./TEST1_TB_isim_beh.exe
     -intstyle  ise
     -ipchost  localhost
     -ipcport  50877

Mon Apr 13 19:52:23 2015

Total Line Count : 119

 Elaboration time : 0.0156 sec.

 Estimate current memory usage : 153.793 Meg. 

 Total Signals          : 27
 Total Nets             : 82
 Total Signal Drivers   : 19
 Total Blocks           : 7
 Total Primitive Blocks : 1
 Total Processes        : 12
 Total Traceable Variables  : 0
 Total Scalar Nets and Variables : 82
ntrace select -o on -n /TEST1_TB/clk 
ntrace select -o on -n /TEST1_TB/reset 
ntrace select -o on -n /TEST1_TB/irq 
ntrace select -o on -n /TEST1_TB/UUT/cuenta 
ntrace select -o on -n /TEST1_TB/UUT/end1 
ntrace select -o on -n /TEST1_TB/UUT/flag 
ntrace select -o on -n /TEST1_TB/irqr 
ntrace select -o on -n /TEST1_TB/irqa 
ntrace select -o on -n /TEST1_TB/data 
ntrace select -o on -n /TEST1_TB/rd 
ntrace select -o on -n /TEST1_TB/rw 
ntrace select -o on -n /TEST1_TB/dir 
ntrace select -o on -n /TEST1_TB/UUT/irqe 
ntrace select -o on -n /TEST1_TB/UUT/irqt 
ntrace select -o on -n /TEST1_TB/UUT/reg 
ntrace start 
isimrun 1000 ns 
Simulator is doing circuit initialization process.
WARNING:Simulator:29 - at 0 ns: Warning: There is an 'U'|'X'|'W'|'Z'|'-' in an
   arithmetic operand, the result will be 'X'(es).
Finished circuit initialization process.
isimrun 1000 ns 
isimrun 1000 ns 
isimrun 1000 ns 
